2026-06-21 11:59:44,246 [INFO] Activator:176 - 


2026-06-21 11:59:44,248 [INFO] Activator:177 - !SESSION log4j initialized
2026-06-21 11:59:47,354 [INFO] LogOutputStream:77 - [STDOUT_REDIRECT] 
2026-06-21 11:59:50,014 [INFO] ApplicationProperties:184 - Using Application install path: C:\ST\STM32CubeIDE_1.17.0\STM32CubeIDE\plugins\com.st.stm32cube.common.mx_6.13.0.202411220809
2026-06-21 11:59:50,036 [INFO] DbMcusXml:78 - Set database path to: C:\ST\STM32CubeIDE_1.17.0\STM32CubeIDE\plugins\com.st.stm32cube.common.mx_6.13.0.202411220809\\db\/mcu/
2026-06-21 11:59:50,036 [INFO] ApiDb:274 - Set plugin database path to: C:\ST\STM32CubeIDE_1.17.0\STM32CubeIDE\plugins\com.st.stm32cube.common.mx_6.13.0.202411220809\\db\/plugins/boardmanager/
2026-06-21 11:59:50,037 [WARN] ApiDb:259 - Overriding images path with different value:  => C:\ST\STM32CubeIDE_1.17.0\STM32CubeIDE\plugins\com.st.stm32cube.common.mx_6.13.0.202411220809\\db\/plugins/mcufinder/images/
2026-06-21 11:59:50,044 [INFO] ApiDb:250 - Set database path to: C:\Users\Ihsan\.stmcufinder\plugins\mcufinder//mcu/
2026-06-21 11:59:50,045 [INFO] DbMcusAds:125 - Set database path to: C:\Users\Ihsan\.stmcufinder\plugins\mcufinder//mcu/
2026-06-21 11:59:50,047 [INFO] CrossReferenceDbSqlite:203 - Set database path to: C:\Users\Ihsan\.stmcufinder\plugins\mcufinder//mcu/cs/
2026-06-21 11:59:50,203 [INFO] RulesReader:64 - Compatibility file has been processed (297 Rules)
2026-06-21 11:59:50,302 [INFO] DbMcusXml:78 - Set database path to: C:\ST\STM32CubeIDE_1.17.0\STM32CubeIDE\plugins\com.st.stm32cube.common.mx_6.13.0.202411220809\\db\/mcu/
2026-06-21 11:59:50,302 [INFO] ApiDb:274 - Set plugin database path to: C:\ST\STM32CubeIDE_1.17.0\STM32CubeIDE\plugins\com.st.stm32cube.common.mx_6.13.0.202411220809\\db\/plugins/boardmanager/
2026-06-21 11:59:50,303 [INFO] ApiDb:261 - Set plugin images path to: C:\ST\STM32CubeIDE_1.17.0\STM32CubeIDE\plugins\com.st.stm32cube.common.mx_6.13.0.202411220809\\db\/plugins/mcufinder/images/
2026-06-21 11:59:50,303 [WARN] DbFile:41 - Overriding database path with different value: C:\Users\Ihsan\.stmcufinder\plugins\mcufinder/ => C:\Users\Ihsan\.stmcufinder\plugins\mcufinder
2026-06-21 11:59:50,303 [INFO] ApiDb:250 - Set database path to: C:\Users\Ihsan\.stmcufinder\plugins\mcufinder//mcu/
2026-06-21 11:59:50,303 [WARN] DbFile:41 - Overriding database path with different value: C:\Users\Ihsan\.stmcufinder\plugins\mcufinder/ => C:\Users\Ihsan\.stmcufinder\plugins\mcufinder
2026-06-21 11:59:50,303 [INFO] DbMcusAds:125 - Set database path to: C:\Users\Ihsan\.stmcufinder\plugins\mcufinder//mcu/
2026-06-21 11:59:50,303 [WARN] DbFile:41 - Overriding database path with different value: C:\Users\Ihsan\.stmcufinder\plugins\mcufinder/ => C:\Users\Ihsan\.stmcufinder\plugins\mcufinder
2026-06-21 11:59:50,303 [WARN] DbFile:41 - Overriding database path with different value: C:\Users\Ihsan\.stmcufinder\plugins\mcufinder/ => C:\Users\Ihsan\.stmcufinder\plugins\mcufinder
2026-06-21 11:59:50,303 [INFO] CrossReferenceDbSqlite:203 - Set database path to: C:\Users\Ihsan\.stmcufinder\plugins\mcufinder//mcu/cs/
2026-06-21 11:59:50,404 [INFO] MainPanel:272 - HeapMemory: 268435456
2026-06-21 11:59:50,540 [INFO] DbMcusXml:78 - Set database path to: C:\ST\STM32CubeIDE_1.17.0\STM32CubeIDE\plugins\com.st.stm32cube.common.mx_6.13.0.202411220809\\db\/mcu/
2026-06-21 11:59:50,540 [INFO] ApiDb:274 - Set plugin database path to: C:\ST\STM32CubeIDE_1.17.0\STM32CubeIDE\plugins\com.st.stm32cube.common.mx_6.13.0.202411220809\\db\/plugins/boardmanager/
2026-06-21 11:59:50,540 [INFO] ApiDb:261 - Set plugin images path to: C:\ST\STM32CubeIDE_1.17.0\STM32CubeIDE\plugins\com.st.stm32cube.common.mx_6.13.0.202411220809\\db\/plugins/mcufinder/images/
2026-06-21 11:59:50,541 [WARN] DbFile:41 - Overriding database path with different value: C:\Users\Ihsan\.stmcufinder\plugins\mcufinder/ => C:\Users\Ihsan\.stmcufinder\plugins\mcufinder
2026-06-21 11:59:50,541 [INFO] ApiDb:250 - Set database path to: C:\Users\Ihsan\.stmcufinder\plugins\mcufinder//mcu/
2026-06-21 11:59:50,541 [WARN] DbFile:41 - Overriding database path with different value: C:\Users\Ihsan\.stmcufinder\plugins\mcufinder/ => C:\Users\Ihsan\.stmcufinder\plugins\mcufinder
2026-06-21 11:59:50,541 [INFO] DbMcusAds:125 - Set database path to: C:\Users\Ihsan\.stmcufinder\plugins\mcufinder//mcu/
2026-06-21 11:59:50,541 [WARN] DbFile:41 - Overriding database path with different value: C:\Users\Ihsan\.stmcufinder\plugins\mcufinder/ => C:\Users\Ihsan\.stmcufinder\plugins\mcufinder
2026-06-21 11:59:50,542 [WARN] DbFile:41 - Overriding database path with different value: C:\Users\Ihsan\.stmcufinder\plugins\mcufinder/ => C:\Users\Ihsan\.stmcufinder\plugins\mcufinder
2026-06-21 11:59:50,542 [INFO] CrossReferenceDbSqlite:203 - Set database path to: C:\Users\Ihsan\.stmcufinder\plugins\mcufinder//mcu/cs/
2026-06-21 11:59:50,562 [INFO] ApplicationProperties:184 - Using Application install path: C:\ST\STM32CubeIDE_1.17.0\STM32CubeIDE\plugins\com.st.stm32cube.common.mx_6.13.0.202411220809
2026-06-21 11:59:50,564 [INFO] PluginManage:196 - Search for loadable plugins [exclusion list=, ]
2026-06-21 11:59:50,567 [INFO] PluginManage:310 - Check plugin analytics
2026-06-21 11:59:50,797 [INFO] AnalyticsPlugin:253 - Accepted Software Licenses: STM32CubeMX.6.13.0
2026-06-21 11:59:50,798 [INFO] AnalyticsPlugin:255 - Accepted CMSIS Pack Licenses: AL94.I-CUBE-USBD-COMPOSITE.1.0.3,STMicroelectronics.FP-SNS-STBOX1.2.0.0,STMicroelectronics.X-CUBE-BLE2.3.3.0,STMicroelectronics.X-CUBE-WB05N.1.1.0,STMicroelectronics.X-CUBE-BLEMGR.4.0.0
2026-06-21 11:59:50,798 [INFO] AnalyticsPlugin:257 - Accepted Firmware Licenses: FW.U5.1.7.0,FW.H5.1.4.0,FW.U5.1.8.0,FW.G4.1.6.0,FW.H7.1.12.0,FW.WB.1.21.0,FW.U3.1.2.0,FW.L5.1.5.0,FW.F4.1.28.0,FW.C0.1.3.0,FW.H5.1.6.0
2026-06-21 11:59:50,801 [INFO] PluginManage:359 - Loaded plugin analytics (category:tool,tabindex:-1)
2026-06-21 11:59:50,803 [INFO] PluginManage:310 - Check plugin cadmodel
2026-06-21 11:59:50,809 [INFO] CADModel:105 - Init CAD model plugin
2026-06-21 11:59:50,809 [INFO] PluginManage:359 - Loaded plugin cadmodel (category:power,tabindex:5)
2026-06-21 11:59:50,809 [INFO] PluginManage:310 - Check plugin clock
2026-06-21 11:59:50,822 [INFO] PluginManage:359 - Loaded plugin clock (category:base,tabindex:2)
2026-06-21 11:59:50,822 [INFO] PluginManage:310 - Check plugin ddr
2026-06-21 11:59:50,825 [INFO] PluginManage:359 - Loaded plugin ddr (category:tool,tabindex:6)
2026-06-21 11:59:50,825 [INFO] PluginManage:310 - Check plugin filemanager
2026-06-21 11:59:51,105 [INFO] PluginManage:359 - Loaded plugin filemanager (category:base,tabindex:10)
2026-06-21 11:59:51,106 [INFO] PluginManage:310 - Check plugin ipmanager
2026-06-21 11:59:51,117 [INFO] PluginManage:359 - Loaded plugin ipmanager (category:base,tabindex:5)
2026-06-21 11:59:51,132 [INFO] PluginManage:310 - Check plugin lpbam
2026-06-21 11:59:51,149 [INFO] PluginManage:359 - Loaded plugin lpbam (category:base,tabindex:0)
2026-06-21 11:59:51,149 [INFO] PluginManage:310 - Check plugin memorymap
2026-06-21 11:59:51,172 [INFO] PluginManage:359 - Loaded plugin memorymap (category:base,tabindex:4)
2026-06-21 11:59:51,172 [INFO] PluginManage:310 - Check plugin pinoutandconfiguration
2026-06-21 11:59:51,186 [INFO] PluginManage:359 - Loaded plugin pinoutandconfiguration (category:base,tabindex:1)
2026-06-21 11:59:51,186 [INFO] PluginManage:310 - Check plugin pinoutconfig
2026-06-21 11:59:51,322 [WARN] SupportedApi:132 - Cannot load RTOS API schema: s4s-elt-must-match.1: The content of 'definitions' must match (annotation?, (simpleType | complexType)?, (unique | key | keyref)*)). A problem was found starting at: attribute.
2026-06-21 11:59:51,498 [INFO] PluginManage:359 - Loaded plugin pinoutconfig (category:base,tabindex:0)
2026-06-21 11:59:51,498 [INFO] PluginManage:310 - Check plugin power
2026-06-21 11:59:51,507 [INFO] PluginManage:359 - Loaded plugin power (category:power,tabindex:4)
2026-06-21 11:59:51,509 [INFO] PluginManage:310 - Check plugin projectmanager
2026-06-21 11:59:51,529 [INFO] PluginManage:359 - Loaded plugin projectmanager (category:projectmanager,tabindex:4)
2026-06-21 11:59:51,530 [INFO] PluginManage:310 - Check plugin rif
2026-06-21 11:59:51,537 [INFO] PluginManage:359 - Loaded plugin rif (category:base,tabindex:3)
2026-06-21 11:59:51,537 [INFO] PluginManage:310 - Check plugin thirdparty
2026-06-21 11:59:51,705 [INFO] PluginManage:359 - Loaded plugin thirdparty (category:base,tabindex:-1)
2026-06-21 11:59:51,705 [WARN] IntegrityCheckThread:84 - waiting for thirdparty lock release [integrity check]
2026-06-21 11:59:51,705 [INFO] PluginManage:310 - Check plugin tools
2026-06-21 11:59:51,705 [INFO] IntegrityCheckThread:86 - entering critical section [integrity check]
2026-06-21 11:59:51,705 [INFO] ThirdPartyUpdaterWithRetryManager:70 - Updater plugin not ready yet. [1/15]
2026-06-21 11:59:51,707 [INFO] PluginManage:359 - Loaded plugin tools (category:base,tabindex:7)
2026-06-21 11:59:51,707 [INFO] PluginManage:310 - Check plugin tutovideos
2026-06-21 11:59:51,935 [INFO] PluginManage:359 - Loaded plugin tutovideos (category:base,tabindex:-1)
2026-06-21 11:59:51,935 [INFO] PluginManage:310 - Check plugin updater
2026-06-21 11:59:51,956 [INFO] PluginManage:359 - Loaded plugin updater (category:base,tabindex:12)
2026-06-21 11:59:51,956 [INFO] PluginManage:310 - Check plugin userauth
2026-06-21 11:59:51,961 [INFO] UserAuth:118 - Init User Auth plugin
2026-06-21 11:59:51,962 [INFO] PluginManage:359 - Loaded plugin userauth (category:base,tabindex:14)
2026-06-21 11:59:51,962 [INFO] PluginManage:283 - PluginManage : Loaded plugins [18]
2026-06-21 11:59:52,259 [INFO] PinOutPanel:1589 - setPackage(No Configuration,No Configuration)
2026-06-21 11:59:52,371 [INFO] CADModel:165 - CPN selected for project level
2026-06-21 11:59:52,371 [INFO] CADModel:114 - Register for checkConnection events
2026-06-21 11:59:52,389 [INFO] IPUIPlugin:80 - create IPUIPlugin
2026-06-21 11:59:52,389 [INFO] PluginManager:220 - loadIPPluginJar : add adc
2026-06-21 11:59:52,392 [INFO] IPUIPlugin:80 - create IPUIPlugin
2026-06-21 11:59:52,392 [INFO] PluginManager:220 - loadIPPluginJar : add aes
2026-06-21 11:59:52,395 [INFO] IPUIPlugin:80 - create IPUIPlugin
2026-06-21 11:59:52,395 [INFO] PluginManager:220 - loadIPPluginJar : add can
2026-06-21 11:59:52,398 [INFO] IPUIPlugin:80 - create IPUIPlugin
2026-06-21 11:59:52,398 [INFO] PluginManager:220 - loadIPPluginJar : add comp
2026-06-21 11:59:52,400 [INFO] IPUIPlugin:80 - create IPUIPlugin
2026-06-21 11:59:52,400 [INFO] PluginManager:220 - loadIPPluginJar : add cryp
2026-06-21 11:59:52,406 [INFO] IPUIPlugin:80 - create IPUIPlugin
2026-06-21 11:59:52,406 [INFO] PluginManager:220 - loadIPPluginJar : add ddr_ctrl_phy
2026-06-21 11:59:52,410 [INFO] IPUIPlugin:80 - create IPUIPlugin
2026-06-21 11:59:52,410 [INFO] PluginManager:220 - loadIPPluginJar : add dfsdm
2026-06-21 11:59:52,416 [INFO] IPUIPlugin:80 - create IPUIPlugin
2026-06-21 11:59:52,417 [INFO] PluginManager:220 - loadIPPluginJar : add dma
2026-06-21 11:59:52,419 [INFO] IPUIPlugin:80 - create IPUIPlugin
2026-06-21 11:59:52,420 [INFO] PluginManager:220 - loadIPPluginJar : add dma3
2026-06-21 11:59:52,422 [INFO] IPUIPlugin:80 - create IPUIPlugin
2026-06-21 11:59:52,422 [INFO] PluginManager:220 - loadIPPluginJar : add extmemmanager
2026-06-21 11:59:52,423 [INFO] IPUIPlugin:80 - create IPUIPlugin
2026-06-21 11:59:52,423 [INFO] PluginManager:220 - loadIPPluginJar : add fatfs
2026-06-21 11:59:52,427 [INFO] IPUIPlugin:80 - create IPUIPlugin
2026-06-21 11:59:52,427 [INFO] PluginManager:220 - loadIPPluginJar : add fmc
2026-06-21 11:59:52,434 [INFO] IPUIPlugin:80 - create IPUIPlugin
2026-06-21 11:59:52,434 [INFO] PluginManager:220 - loadIPPluginJar : add freertos
2026-06-21 11:59:52,435 [INFO] IPUIPlugin:80 - create IPUIPlugin
2026-06-21 11:59:52,435 [INFO] PluginManager:220 - loadIPPluginJar : add genericplugin
2026-06-21 11:59:52,437 [INFO] IPUIPlugin:80 - create IPUIPlugin
2026-06-21 11:59:52,437 [INFO] PluginManager:220 - loadIPPluginJar : add gfxmmu
2026-06-21 11:59:52,443 [INFO] IPUIPlugin:80 - create IPUIPlugin
2026-06-21 11:59:52,443 [INFO] PluginManager:220 - loadIPPluginJar : add gic
2026-06-21 11:59:52,446 [INFO] IPUIPlugin:80 - create IPUIPlugin
2026-06-21 11:59:52,447 [INFO] PluginManager:220 - loadIPPluginJar : add gpio
2026-06-21 11:59:52,450 [INFO] IPUIPlugin:80 - create IPUIPlugin
2026-06-21 11:59:52,450 [INFO] PluginManager:220 - loadIPPluginJar : add gtzc
2026-06-21 11:59:52,452 [INFO] IPUIPlugin:80 - create IPUIPlugin
2026-06-21 11:59:52,452 [INFO] PluginManager:220 - loadIPPluginJar : add hash
2026-06-21 11:59:52,454 [INFO] IPUIPlugin:80 - create IPUIPlugin
2026-06-21 11:59:52,455 [INFO] PluginManager:220 - loadIPPluginJar : add i2c
2026-06-21 11:59:52,457 [INFO] IPUIPlugin:80 - create IPUIPlugin
2026-06-21 11:59:52,457 [INFO] PluginManager:220 - loadIPPluginJar : add i2s
2026-06-21 11:59:52,460 [INFO] IPUIPlugin:80 - create IPUIPlugin
2026-06-21 11:59:52,461 [INFO] PluginManager:220 - loadIPPluginJar : add i3c
2026-06-21 11:59:52,465 [INFO] IPUIPlugin:80 - create IPUIPlugin
2026-06-21 11:59:52,466 [INFO] PluginManager:220 - loadIPPluginJar : add ipddr
2026-06-21 11:59:52,472 [INFO] IPUIPlugin:80 - create IPUIPlugin
2026-06-21 11:59:52,473 [INFO] PluginManager:220 - loadIPPluginJar : add linkedlist
2026-06-21 11:59:52,475 [INFO] IPUIPlugin:80 - create IPUIPlugin
2026-06-21 11:59:52,475 [INFO] PluginManager:220 - loadIPPluginJar : add lorawan
2026-06-21 11:59:52,477 [INFO] IPUIPlugin:80 - create IPUIPlugin
2026-06-21 11:59:52,477 [INFO] PluginManager:220 - loadIPPluginJar : add ltdc
2026-06-21 11:59:52,482 [INFO] IPUIPlugin:80 - create IPUIPlugin
2026-06-21 11:59:52,482 [INFO] PluginManager:220 - loadIPPluginJar : add mdma
2026-06-21 11:59:52,486 [INFO] IPUIPlugin:80 - create IPUIPlugin
2026-06-21 11:59:52,486 [INFO] PluginManager:220 - loadIPPluginJar : add nvic
2026-06-21 11:59:52,490 [INFO] IPUIPlugin:80 - create IPUIPlugin
2026-06-21 11:59:52,490 [INFO] PluginManager:220 - loadIPPluginJar : add opamp
2026-06-21 11:59:52,493 [INFO] IPUIPlugin:80 - create IPUIPlugin
2026-06-21 11:59:52,493 [INFO] PluginManager:220 - loadIPPluginJar : add openamp
2026-06-21 11:59:52,495 [INFO] IPUIPlugin:80 - create IPUIPlugin
2026-06-21 11:59:52,496 [INFO] PluginManager:220 - loadIPPluginJar : add pdm2pcm
2026-06-21 11:59:52,502 [INFO] IPUIPlugin:80 - create IPUIPlugin
2026-06-21 11:59:52,505 [INFO] PluginManager:220 - loadIPPluginJar : add plateformsettings
2026-06-21 11:59:52,507 [INFO] IPUIPlugin:80 - create IPUIPlugin
2026-06-21 11:59:52,507 [INFO] PluginManager:220 - loadIPPluginJar : add quadspi
2026-06-21 11:59:52,508 [INFO] IPUIPlugin:80 - create IPUIPlugin
2026-06-21 11:59:52,509 [INFO] PluginManager:220 - loadIPPluginJar : add radio
2026-06-21 11:59:52,512 [INFO] IPUIPlugin:80 - create IPUIPlugin
2026-06-21 11:59:52,512 [INFO] PluginManager:220 - loadIPPluginJar : add resmgrutility
2026-06-21 11:59:52,515 [INFO] IPUIPlugin:80 - create IPUIPlugin
2026-06-21 11:59:52,515 [INFO] PluginManager:220 - loadIPPluginJar : add sai
2026-06-21 11:59:52,517 [INFO] IPUIPlugin:80 - create IPUIPlugin
2026-06-21 11:59:52,517 [INFO] PluginManager:220 - loadIPPluginJar : add spi
2026-06-21 11:59:52,523 [INFO] IPUIPlugin:80 - create IPUIPlugin
2026-06-21 11:59:52,523 [INFO] PluginManager:220 - loadIPPluginJar : add stm32_wpan
2026-06-21 11:59:52,525 [INFO] IPUIPlugin:80 - create IPUIPlugin
2026-06-21 11:59:52,525 [INFO] PluginManager:220 - loadIPPluginJar : add tim
2026-06-21 11:59:52,528 [INFO] IPUIPlugin:80 - create IPUIPlugin
2026-06-21 11:59:52,529 [INFO] PluginManager:220 - loadIPPluginJar : add touchsensing
2026-06-21 11:59:52,531 [INFO] IPUIPlugin:80 - create IPUIPlugin
2026-06-21 11:59:52,531 [INFO] PluginManager:220 - loadIPPluginJar : add tracer_emb
2026-06-21 11:59:52,533 [INFO] IPUIPlugin:80 - create IPUIPlugin
2026-06-21 11:59:52,534 [INFO] PluginManager:220 - loadIPPluginJar : add ts
2026-06-21 11:59:52,535 [INFO] IPUIPlugin:80 - create IPUIPlugin
2026-06-21 11:59:52,535 [INFO] PluginManager:220 - loadIPPluginJar : add tsc
2026-06-21 11:59:52,537 [INFO] IPUIPlugin:80 - create IPUIPlugin
2026-06-21 11:59:52,537 [INFO] PluginManager:220 - loadIPPluginJar : add ucpd
2026-06-21 11:59:52,541 [INFO] IPUIPlugin:80 - create IPUIPlugin
2026-06-21 11:59:52,541 [INFO] PluginManager:220 - loadIPPluginJar : add usart
2026-06-21 11:59:52,545 [INFO] IPUIPlugin:80 - create IPUIPlugin
2026-06-21 11:59:52,545 [INFO] PluginManager:220 - loadIPPluginJar : add usbx
2026-06-21 11:59:52,685 [FATAL] Updater:351 - Updater called before beeing initialized
2026-06-21 11:59:52,719 [INFO] RulesReader:64 - Compatibility file has been processed (297 Rules)
2026-06-21 11:59:52,734 [INFO] RulesReader:64 - Compatibility file has been processed (297 Rules)
2026-06-21 11:59:52,744 [INFO] CADModel:165 - CPN selected for project level
2026-06-21 11:59:52,744 [INFO] CADModel:114 - Register for checkConnection events
2026-06-21 11:59:52,744 [FATAL] Updater:351 - Updater called before beeing initialized
2026-06-21 11:59:52,745 [ERROR] CADModel:125 - Updater not yet initialized, retry later 
2026-06-21 11:59:52,906 [FATAL] Updater:351 - Updater called before beeing initialized
2026-06-21 11:59:52,907 [INFO] CADModel:165 - CPN selected for project level
2026-06-21 11:59:52,909 [INFO] CADModel:114 - Register for checkConnection events
2026-06-21 11:59:52,909 [FATAL] Updater:351 - Updater called before beeing initialized
2026-06-21 11:59:52,909 [ERROR] CADModel:125 - Updater not yet initialized, retry later 
2026-06-21 11:59:52,912 [FATAL] Updater:351 - Updater called before beeing initialized
2026-06-21 11:59:53,048 [FATAL] Updater:351 - Updater called before beeing initialized
2026-06-21 11:59:53,053 [INFO] DbMcusAds:53 - JSON generation date=Thu Mar 05 15:32:52 CET 2026 (1772721172890)
2026-06-21 11:59:53,053 [FATAL] Updater:351 - Updater called before beeing initialized
2026-06-21 11:59:53,098 [WARN] DetailPanel:346 - Failed to get advertising image, set to default
2026-06-21 11:59:53,403 [FATAL] Updater:351 - Updater called before beeing initialized
2026-06-21 11:59:53,404 [FATAL] Updater:351 - Updater called before beeing initialized
2026-06-21 11:59:53,405 [FATAL] Updater:351 - Updater called before beeing initialized
2026-06-21 11:59:53,405 [WARN] DetailPanel:346 - Failed to get advertising image, set to default
2026-06-21 11:59:53,405 [FATAL] Updater:351 - Updater called before beeing initialized
2026-06-21 11:59:53,457 [ERROR] Updater:1198 - MainUpdater not yet initialized. External WinMGr cannot be set.
2026-06-21 11:59:53,462 [INFO] Updater:1134 - Updater Version found : 6.13.0
2026-06-21 11:59:53,481 [INFO] ApplicationProperties:184 - Using Application install path: C:\ST\STM32CubeIDE_1.17.0\STM32CubeIDE\plugins\com.st.stm32cube.common.mx_6.13.0.202411220809
2026-06-21 11:59:54,706 [INFO] ThirdPartyUpdaterWithRetryManager:70 - Updater plugin not ready yet. [2/15]
2026-06-21 11:59:55,058 [ERROR] LogOutputStream:75 - [STDERR_REDIRECT] Jun 21, 2026 11:59:55 AM java.util.prefs.WindowsPreferences <init>
2026-06-21 11:59:55,058 [ERROR] LogOutputStream:75 - [STDERR_REDIRECT] WARNING: Could not open/create prefs root node Software\JavaSoft\Prefs at root 0xffffffff80000002. Windows RegCreateKeyEx(...) returned error code 5.
2026-06-21 11:59:55,059 [ERROR] LogOutputStream:75 - [STDERR_REDIRECT] 
2026-06-21 11:59:55,362 [INFO] MainUpdater:2872 - connection check result : 10
2026-06-21 11:59:55,363 [INFO] MainUpdater:289 - Updater Check For Update Now.
2026-06-21 11:59:55,363 [INFO] MicroXplorer:498 - Change Database Version : DB.6.0.130
2026-06-21 11:59:55,367 [INFO] McuFinderGlobals:63 - Set McuFinder mode to 2 (CubeIDE integrated)
2026-06-21 11:59:55,367 [INFO] UserAuth:486 - Internet connection configuration mode: 1
2026-06-21 11:59:55,383 [INFO] JxBrowserEngine:152 - Initiate JxBrowser Engine with user profile folder
2026-06-21 11:59:55,558 [INFO] CheckServerUpdateThread:120 - End of CheckServer Thread
2026-06-21 11:59:56,012 [INFO] WebApp:168 - Instantiating new browser for Auth
2026-06-21 11:59:56,916 [INFO] WebApp:449 - Apply proxy settings
2026-06-21 11:59:56,916 [INFO] WebApp:534 - Chromium requires no authentication
2026-06-21 11:59:56,938 [INFO] WebApp:477 - Direct internet connection detected
2026-06-21 11:59:56,980 [INFO] WebApp:880 - Register for checkConnection events
2026-06-21 11:59:56,980 [INFO] WebApp:449 - Apply proxy settings
2026-06-21 11:59:56,980 [INFO] WebApp:534 - Chromium requires no authentication
2026-06-21 11:59:56,982 [INFO] WebApp:477 - Direct internet connection detected
2026-06-21 11:59:57,202 [INFO] WebApp:187 - Connection restablished
2026-06-21 11:59:57,309 [INFO] WebApp:221 - Starting web application
2026-06-21 11:59:57,309 [INFO] WebApp:579 - Web application path used C:\ST\STM32CubeIDE_1.17.0\STM32CubeIDE\plugins\com.st.stm32cube.common.mx_6.13.0.202411220809\db\plugins\mcufinder\reactClient1\index.html
2026-06-21 11:59:57,486 [INFO] UserAuth:486 - Internet connection configuration mode: 1
2026-06-21 11:59:58,486 [WARN] PackLoader:240 - Cannot read IP mode file for STMicroelectronics.X-CUBE-AZRTOS-H7.3.5.0
2026-06-21 11:59:58,521 [WARN] PackLoader:240 - Cannot read IP mode file for STMicroelectronics.FP-SNS-MOTENVWB1.1.4.0
2026-06-21 11:59:58,534 [WARN] PackLoader:240 - Cannot read IP mode file for STMicroelectronics.FP-ATR-ASTRA1.2.0.2
2026-06-21 11:59:58,543 [WARN] PackLoader:240 - Cannot read IP mode file for STMicroelectronics.FP-ATR-ASTRA1.2.0.1
2026-06-21 11:59:58,556 [ERROR] Engine:466 - C:\Users\Ihsan\.stm32cubemx\thirdparties\pdsc\STMicroelectronics.X-CUBE-SMBUS.2.1.1.pdsc: PDSC version is not supported
2026-06-21 11:59:58,564 [WARN] PackLoader:240 - Cannot read IP mode file for STMicroelectronics.X-CUBE-SMBUS.2.1.0
2026-06-21 11:59:58,583 [WARN] PackLoader:240 - Cannot read IP mode file for STMicroelectronics.X-CUBE-WB05N.1.1.0
2026-06-21 11:59:58,799 [WARN] PackLoader:240 - Cannot read IP mode file for STMicroelectronics.X-CUBE-ST60.1.0.0
2026-06-21 11:59:58,851 [WARN] PackLoader:240 - Cannot read IP mode file for STMicroelectronics.X-CUBE-AZRTOS-F7.1.1.0
2026-06-21 11:59:58,869 [ERROR] Engine:466 - C:\Users\Ihsan\.stm32cubemx\thirdparties\pdsc\STMicroelectronics.FP-SNS-MOTENV1.5.1.0.pdsc: PDSC version is not supported
2026-06-21 11:59:58,886 [WARN] PackLoader:240 - Cannot read IP mode file for STMicroelectronics.FP-SNS-FLIGHT1.5.0.2
2026-06-21 11:59:58,964 [WARN] PackLoader:240 - Cannot read IP mode file for Infineon.AIROC-Wi-Fi-Bluetooth-STM32.1.7.0
2026-06-21 11:59:59,042 [WARN] PackLoader:240 - Cannot read IP mode file for Infineon.AIROC-Wi-Fi-Bluetooth-STM32.1.7.1
2026-06-21 11:59:59,104 [WARN] PackLoader:240 - Cannot read IP mode file for STMicroelectronics.X-CUBE-AZRTOS-H7.3.4.0
2026-06-21 11:59:59,130 [WARN] PackLoader:240 - Cannot read IP mode file for STMicroelectronics.X-CUBE-DISPLAY.3.0.0
2026-06-21 11:59:59,154 [WARN] PackLoader:240 - Cannot read IP mode file for STMicroelectronics.X-CUBE-GNSS1.7.1.1
2026-06-21 11:59:59,164 [ERROR] Engine:466 - C:\Users\Ihsan\.stm32cubemx\thirdparties\pdsc\STMicroelectronics.FP-SNS-MOTENVWB1.1.5.0.pdsc: PDSC version is not supported
2026-06-21 11:59:59,173 [WARN] PackLoader:240 - Cannot read IP mode file for STMicroelectronics.X-CUBE-BLE1.7.0.0
2026-06-21 11:59:59,186 [WARN] PackLoader:240 - Cannot read IP mode file for STMicroelectronics.X-CUBE-NFC10.1.0.0
2026-06-21 11:59:59,251 [WARN] PackLoader:240 - Cannot read IP mode file for STMicroelectronics.X-CUBE-BLEMGR.4.0.0
2026-06-21 11:59:59,541 [WARN] PackLoader:240 - Cannot read IP mode file for STMicroelectronics.X-CUBE-ST60.1.1.0
2026-06-21 11:59:59,552 [WARN] PackLoader:240 - Cannot read IP mode file for emotas.I-CUBE-CANOPEN.1.3.0
2026-06-21 11:59:59,565 [WARN] PackLoader:240 - Cannot read IP mode file for STMicroelectronics.X-CUBE-GNSS1.7.1.0
2026-06-21 11:59:59,579 [WARN] ConditionMgr:438 - getConditionDescription Invalid condition id : Cortex-A Device cause : null
2026-06-21 11:59:59,596 [WARN] ConditionMgr:1044 - genDependencies : Invalid condition id : Cortex-A Device cause : null
2026-06-21 11:59:59,597 [WARN] ConditionMgr:1044 - genDependencies : Invalid condition id : Cortex-A Device cause : null
2026-06-21 11:59:59,597 [WARN] ConditionMgr:1044 - genDependencies : Invalid condition id : Cortex-A Device cause : null
2026-06-21 11:59:59,605 [WARN] PackLoader:240 - Cannot read IP mode file for STMicroelectronics.X-CUBE-AI.10.0.0
2026-06-21 11:59:59,612 [ERROR] Engine:466 - C:\Users\Ihsan\.stm32cubemx\thirdparties\pdsc\STMicroelectronics.FP-SNS-STBOX1.2.1.0.pdsc: PDSC version is not supported
2026-06-21 11:59:59,621 [WARN] PackLoader:240 - Cannot read IP mode file for STMicroelectronics.FP-SNS-SMARTAG2.1.2.0
2026-06-21 11:59:59,628 [WARN] PackLoader:240 - Cannot read IP mode file for STMicroelectronics.FP-SNS-FLIGHT1.5.1.0
2026-06-21 11:59:59,741 [WARN] PackLoader:240 - Cannot read IP mode file for STMicroelectronics.X-CUBE-MEMS1.11.1.0
2026-06-21 12:00:00,144 [INFO] LogOutputStream:77 - [STDOUT_REDIRECT] 1 : Invalid condition id : UX_CORESTACK_Condition cause : null
2026-06-21 12:00:00,145 [INFO] LogOutputStream:77 - [STDOUT_REDIRECT] 1 : Invalid condition id : UX_CORESTACK_Condition cause : null
2026-06-21 12:00:00,148 [INFO] LogOutputStream:77 - [STDOUT_REDIRECT] 1 : Invalid condition id : UX_CORESTACK_Condition cause : null
2026-06-21 12:00:00,152 [INFO] LogOutputStream:77 - [STDOUT_REDIRECT] 1 : Invalid condition id : UX_CORESTACK_Condition cause : null
2026-06-21 12:00:00,155 [INFO] LogOutputStream:77 - [STDOUT_REDIRECT] 1 : Invalid condition id : UX_CORESTACK_Condition cause : null
2026-06-21 12:00:00,161 [WARN] PackLoader:240 - Cannot read IP mode file for STMicroelectronics.X-CUBE-AZRTOS-WL.2.0.0
2026-06-21 12:00:00,180 [WARN] PackLoader:240 - Cannot read IP mode file for STMicroelectronics.FP-SNS-MOTENV1.5.0.0
2026-06-21 12:00:00,221 [WARN] PackLoader:240 - Cannot read IP mode file for STMicroelectronics.X-CUBE-AZRTOS-H7RS.1.2.0
2026-06-21 12:00:00,234 [WARN] PackLoader:240 - Cannot read IP mode file for wolfSSL.I-CUBE-wolfMQTT.1.19.0
2026-06-21 12:00:00,247 [WARN] PackLoader:240 - Cannot read IP mode file for WES.I-CUBE-Cesium.1.3.0
2026-06-21 12:00:00,258 [WARN] PackLoader:240 - Cannot read IP mode file for STMicroelectronics.X-CUBE-BLE2.3.3.0
2026-06-21 12:00:00,351 [WARN] PackLoader:240 - Cannot read IP mode file for STMicroelectronics.X-CUBE-NFC9.1.0.0
2026-06-21 12:00:00,363 [WARN] PackLoader:240 - Cannot read IP mode file for wolfSSL.I-CUBE-wolfSSL.5.8.0
2026-06-21 12:00:00,370 [WARN] PackLoader:240 - Cannot read IP mode file for wolfSSL.I-CUBE-wolfSSL.5.8.2
2026-06-21 12:00:00,377 [WARN] PackLoader:240 - Cannot read IP mode file for STMicroelectronics.X-CUBE-BLE1.7.1.0
2026-06-21 12:00:00,384 [WARN] PackLoader:240 - Cannot read IP mode file for wolfSSL.I-CUBE-wolfMQTT.1.19.2
2026-06-21 12:00:00,388 [ERROR] Engine:466 - C:\Users\Ihsan\.stm32cubemx\thirdparties\pdsc\STMicroelectronics.X-CUBE-FREERTOS.1.4.0.pdsc: PDSC version is not supported
2026-06-21 12:00:00,400 [WARN] PackLoader:240 - Cannot read IP mode file for STMicroelectronics.X-CUBE-EEPRMA1.5.2.0
2026-06-21 12:00:00,406 [ERROR] Engine:466 - C:\Users\Ihsan\.stm32cubemx\thirdparties\pdsc\STMicroelectronics.X-CUBE-ST67W61.1.1.0.pdsc: PDSC version is not supported
2026-06-21 12:00:00,415 [WARN] PackLoader:240 - Cannot read IP mode file for STMicroelectronics.X-CUBE-AI.10.1.0
2026-06-21 12:00:00,420 [ERROR] Engine:466 - C:\Users\Ihsan\.stm32cubemx\thirdparties\pdsc\STMicroelectronics.FP-SNS-STAIOTCFT.1.1.0.pdsc: PDSC version is not supported
2026-06-21 12:00:00,498 [WARN] PackLoader:240 - Cannot read IP mode file for STMicroelectronics.X-CUBE-MEMS1.12.0.0
2026-06-21 12:00:00,748 [WARN] PackLoader:240 - Cannot read IP mode file for STMicroelectronics.X-CUBE-MEMS1.11.2.0
2026-06-21 12:00:01,048 [WARN] PackLoader:240 - Cannot read IP mode file for STMicroelectronics.X-CUBE-AZRTOS-G0.1.1.0
2026-06-21 12:00:01,066 [WARN] PackLoader:240 - Cannot read IP mode file for STMicroelectronics.X-CUBE-SAFEA1.1.2.2
2026-06-21 12:00:01,086 [WARN] PackLoader:240 - Cannot read IP mode file for STMicroelectronics.X-CUBE-NFC4.3.0.0
2026-06-21 12:00:01,136 [WARN] PackLoader:240 - Cannot read IP mode file for EmbeddedOffice.I-CUBE-FS-RTOS.1.0.1
2026-06-21 12:00:01,150 [WARN] PackLoader:240 - Cannot read IP mode file for AL94.I-CUBE-USBD-COMPOSITE.1.0.3
2026-06-21 12:00:01,230 [WARN] PackLoader:240 - Cannot read IP mode file for STMicroelectronics.X-CUBE-WB05N.2.0.0
2026-06-21 12:00:01,240 [WARN] PackLoader:240 - Cannot read IP mode file for wolfSSL.I-CUBE-wolfTPM.3.8.0
2026-06-21 12:00:01,250 [WARN] PackLoader:240 - Cannot read IP mode file for STMicroelectronics.X-CUBE-TCPP.4.2.0
2026-06-21 12:00:01,260 [WARN] PackLoader:240 - Cannot read IP mode file for RealThread.X-CUBE-RT-Thread_Nano.4.1.1
2026-06-21 12:00:01,267 [WARN] PackLoader:240 - Cannot read IP mode file for STMicroelectronics.FP-ATR-SIGFOX1.3.2.0
2026-06-21 12:00:01,273 [WARN] ConditionMgr:438 - getConditionDescription Invalid condition id : Cortex-A Device cause : null
2026-06-21 12:00:01,284 [WARN] ConditionMgr:1044 - genDependencies : Invalid condition id : Cortex-A Device cause : null
2026-06-21 12:00:01,285 [WARN] ConditionMgr:1044 - genDependencies : Invalid condition id : Cortex-A Device cause : null
2026-06-21 12:00:01,285 [WARN] ConditionMgr:1044 - genDependencies : Invalid condition id : Cortex-A Device cause : null
2026-06-21 12:00:01,295 [WARN] PackLoader:240 - Cannot read IP mode file for STMicroelectronics.X-CUBE-EEPRMA1.5.1.0
2026-06-21 12:00:01,301 [ERROR] Engine:466 - C:\Users\Ihsan\.stm32cubemx\thirdparties\pdsc\STMicroelectronics.X-CUBE-FREERTOS.1.5.0.pdsc: PDSC version is not supported
2026-06-21 12:00:01,307 [WARN] PackLoader:240 - Cannot read IP mode file for wolfSSL.I-CUBE-wolfSSL.5.7.6
2026-06-21 12:00:01,318 [WARN] PackLoader:240 - Cannot read IP mode file for ITTIA_DB.I-CUBE-ITTIADB.8.9.0
2026-06-21 12:00:01,332 [WARN] PackLoader:240 - Cannot read IP mode file for STMicroelectronics.X-CUBE-NFC6.3.2.0
2026-06-21 12:00:01,347 [WARN] PackLoader:240 - Cannot read IP mode file for STMicroelectronics.X-CUBE-ST67W61.1.0.0
2026-06-21 12:00:01,354 [WARN] PackLoader:240 - Cannot read IP mode file for STMicroelectronics.X-CUBE-AI.10.2.0
2026-06-21 12:00:01,442 [WARN] PackLoader:240 - Cannot read IP mode file for STMicroelectronics.X-CUBE-MEMS1.12.1.0
2026-06-21 12:00:01,600 [WARN] PackLoader:240 - Cannot read IP mode file for SEGGER.I-CUBE-embOS.1.3.1
2026-06-21 12:00:01,655 [WARN] PackLoader:240 - Cannot read IP mode file for STMicroelectronics.X-CUBE-ALGOBUILD.1.4.0
2026-06-21 12:00:01,729 [WARN] PackLoader:240 - Cannot read IP mode file for STMicroelectronics.X-CUBE-MEMS1.11.3.0
2026-06-21 12:00:01,948 [WARN] PackLoader:240 - Cannot read IP mode file for STMicroelectronics.X-CUBE-NFC13.1.0.0
2026-06-21 12:00:01,961 [WARN] PackLoader:240 - Cannot read IP mode file for STMicroelectronics.X-CUBE-PM33A1.1.0.0
2026-06-21 12:00:01,987 [WARN] PackLoader:240 - Cannot read IP mode file for STMicroelectronics.X-CUBE-AZRTOS-F4.1.1.0
2026-06-21 12:00:01,999 [WARN] PackLoader:240 - Cannot read IP mode file for Avnet-IotConnect.X-CUBE-IoTC-DA16k-PMOD.1.0.0
2026-06-21 12:00:02,005 [WARN] PackLoader:240 - Cannot read IP mode file for STMicroelectronics.X-CUBE-ISPU.2.1.0
2026-06-21 12:00:02,013 [ERROR] Engine:466 - C:\Users\Ihsan\.stm32cubemx\thirdparties\pdsc\STMicroelectronics.X-CUBE-IPS.3.2.0.pdsc: PDSC version is not supported
2026-06-21 12:00:02,017 [WARN] PackLoader:240 - Cannot read IP mode file for STMicroelectronics.eDS-WB_DPC_TT-BIDIR.2.1.1
2026-06-21 12:00:02,028 [WARN] PackLoader:240 - Cannot read IP mode file for STMicroelectronics.X-CUBE-NFC12.1.0.0
2026-06-21 12:00:02,061 [WARN] PackLoader:240 - Cannot read IP mode file for STMicroelectronics.X-CUBE-AZRTOS-L5.2.0.0
2026-06-21 12:00:02,077 [WARN] PackLoader:240 - Cannot read IP mode file for STMicroelectronics.X-CUBE-NFC6.3.1.0
2026-06-21 12:00:02,090 [WARN] PackLoader:240 - Cannot read IP mode file for STMicroelectronics.X-CUBE-ALGOBUILD.1.5.0
2026-06-21 12:00:02,101 [WARN] PackLoader:240 - Cannot read IP mode file for STMicroelectronics.X-CUBE-DPower.1.2.0
2026-06-21 12:00:02,108 [WARN] PackLoader:240 - Cannot read IP mode file for STMicroelectronics.eDS-WB_DPC_VIENNA.1.2.0
2026-06-21 12:00:02,113 [WARN] PackLoader:240 - Cannot read IP mode file for STMicroelectronics.eDS-WB_DPC_3PH2L-BIDIR.1.1.1
2026-06-21 12:00:02,119 [ERROR] Engine:466 - C:\Users\Ihsan\.stm32cubemx\thirdparties\pdsc\STMicroelectronics.X-CUBE-ST67W61.1.3.0.pdsc: PDSC version is not supported
2026-06-21 12:00:02,128 [WARN] PackLoader:240 - Cannot read IP mode file for STMicroelectronics.X-CUBE-FREERTOS.1.3.1
2026-06-21 12:00:02,135 [WARN] PackLoader:240 - Cannot read IP mode file for STMicroelectronics.X-CUBE-FREERTOS.1.3.0
2026-06-21 12:00:02,145 [WARN] PackLoader:240 - Cannot read IP mode file for STMicroelectronics.X-CUBE-NFC7.1.0.1
2026-06-21 12:00:02,157 [WARN] PackLoader:240 - Cannot read IP mode file for STMicroelectronics.X-CUBE-TOUCHGFX.4.26.0
2026-06-21 12:00:02,165 [WARN] PackLoader:240 - Cannot read IP mode file for STMicroelectronics.X-CUBE-TOUCHGFX.4.26.1
2026-06-21 12:00:02,174 [WARN] PackLoader:240 - Cannot read IP mode file for STMicroelectronics.FP-SNS-STAIOTCFT.1.0.0
2026-06-21 12:00:02,185 [WARN] PackLoader:240 - Cannot read IP mode file for STMicroelectronics.X-CUBE-DPower.1.3.0
2026-06-21 12:00:02,215 [WARN] ConditionMgr:438 - getConditionDescription Invalid condition id : LAN8742 Phy interface Condition cause : null
2026-06-21 12:00:02,216 [WARN] PackLoader:240 - Cannot read IP mode file for STMicroelectronics.X-CUBE-AZRTOS-L4.2.0.0
2026-06-21 12:00:02,219 [WARN] ConditionMgr:1044 - genDependencies : Invalid condition id : LAN8742 Phy interface Condition cause : null
2026-06-21 12:00:02,219 [WARN] ConditionMgr:1044 - genDependencies : Invalid condition id : LAN8742 Phy interface Condition cause : null
2026-06-21 12:00:02,221 [WARN] ConditionMgr:1044 - genDependencies : Invalid condition id : LAN8742 Phy interface Condition cause : null
2026-06-21 12:00:02,233 [WARN] PackLoader:240 - Cannot read IP mode file for STMicroelectronics.X-CUBE-SFXS2LP1.4.0.0
2026-06-21 12:00:02,250 [WARN] PackLoader:240 - Cannot read IP mode file for STMicroelectronics.X-CUBE-WB05N.2.1.0
2026-06-21 12:00:02,257 [ERROR] Engine:466 - C:\Users\Ihsan\.stm32cubemx\thirdparties\pdsc\STMicroelectronics.X-CUBE-ST67W61.1.2.0.pdsc: PDSC version is not supported
2026-06-21 12:00:02,290 [WARN] PackLoader:240 - Cannot read IP mode file for STMicroelectronics.X-CUBE-AZRTOS-H7.3.3.0
2026-06-21 12:00:02,368 [WARN] PackLoader:240 - Cannot read IP mode file for STMicroelectronics.X-CUBE-BLEMGR.4.1.0
2026-06-21 12:00:02,407 [WARN] ConditionMgr:438 - getConditionDescription Invalid condition id : UX DEVICE CLASS RTOS Condition cause : null
2026-06-21 12:00:02,407 [WARN] ConditionMgr:438 - getConditionDescription Invalid condition id : UX DEVICE CLASS RTOS Condition cause : null
2026-06-21 12:00:02,413 [WARN] PackLoader:240 - Cannot read IP mode file for STMicroelectronics.X-CUBE-AZRTOS-WB.2.0.0
2026-06-21 12:00:02,414 [WARN] ConditionMgr:1044 - genDependencies : Invalid condition id : UX DEVICE CLASS RTOS Condition cause : null
2026-06-21 12:00:02,415 [WARN] ConditionMgr:1044 - genDependencies : Invalid condition id : UX DEVICE CLASS RTOS Condition cause : null
2026-06-21 12:00:02,416 [WARN] ConditionMgr:1044 - genDependencies : Invalid condition id : UX DEVICE CLASS RTOS Condition cause : null
2026-06-21 12:00:02,417 [WARN] ConditionMgr:1044 - genDependencies : Invalid condition id : UX DEVICE CLASS RTOS Condition cause : null
2026-06-21 12:00:02,417 [WARN] ConditionMgr:1044 - genDependencies : Invalid condition id : UX DEVICE CLASS RTOS Condition cause : null
2026-06-21 12:00:02,427 [WARN] PackLoader:240 - Cannot read IP mode file for STMicroelectronics.X-CUBE-GNSS1.7.0.1
2026-06-21 12:00:02,438 [WARN] PackLoader:240 - Cannot read IP mode file for STMicroelectronics.X-CUBE-TOUCHGFX.4.25.0
2026-06-21 12:00:02,455 [WARN] PackLoader:240 - Cannot read IP mode file for STMicroelectronics.FP-SNS-STBOX1.2.0.0
2026-06-21 12:00:02,562 [WARN] ConditionMgr:438 - getConditionDescription Invalid condition id : Cortex-A Device cause : null
2026-06-21 12:00:02,572 [WARN] ConditionMgr:1044 - genDependencies : Invalid condition id : Cortex-A Device cause : null
2026-06-21 12:00:02,573 [WARN] ConditionMgr:1044 - genDependencies : Invalid condition id : Cortex-A Device cause : null
2026-06-21 12:00:02,573 [WARN] ConditionMgr:1044 - genDependencies : Invalid condition id : Cortex-A Device cause : null
2026-06-21 12:00:02,590 [WARN] PackLoader:240 - Cannot read IP mode file for STMicroelectronics.X-CUBE-STSE01.2.0.0
2026-06-21 12:00:02,607 [WARN] PackLoader:240 - Cannot read IP mode file for STMicroelectronics.X-CUBE-SUBG2.5.0.0
2026-06-21 12:00:02,638 [WARN] PackLoader:240 - Cannot read IP mode file for STMicroelectronics.X-CUBE-AZRTOS-H7RS.1.1.0
2026-06-21 12:00:02,651 [WARN] PackLoader:240 - Cannot read IP mode file for Cesanta.I-CUBE-Mongoose.7.13.0
2026-06-21 12:00:02,670 [WARN] PackLoader:240 - Cannot read IP mode file for STMicroelectronics.X-CUBE-AZRTOS-G4.2.0.0
2026-06-21 12:00:02,679 [WARN] PackLoader:240 - Cannot read IP mode file for wolfSSL.I-CUBE-wolfSSH.1.4.20
2026-06-21 12:00:02,687 [WARN] PackLoader:240 - Cannot read IP mode file for STMicroelectronics.X-CUBE-NFC7.2.0.0
2026-06-21 12:00:02,706 [WARN] PackLoader:240 - Cannot read IP mode file for STMicroelectronics.X-CUBE-IPS.3.1.0
2026-06-21 12:00:02,720 [WARN] PackLoader:240 - Cannot read IP mode file for STMicroelectronics.X-CUBE-ALS.1.0.2
2026-06-21 12:00:02,726 [WARN] PackLoader:240 - Cannot read IP mode file for STMicroelectronics.X-CUBE-TOUCHGFX.4.24.2
2026-06-21 12:00:02,734 [WARN] PackLoader:240 - Cannot read IP mode file for STMicroelectronics.X-CUBE-STSE01.1.0.0
2026-06-21 12:00:02,739 [WARN] PackLoader:240 - Cannot read IP mode file for wolfSSL.I-CUBE-wolfTPM.3.4.0
2026-06-21 12:00:02,749 [WARN] PackLoader:240 - Cannot read IP mode file for portGmbH.I-Cube-SoM-uGOAL.1.1.0
2026-06-21 12:00:02,770 [WARN] PackLoader:240 - Cannot read IP mode file for STMicroelectronics.X-CUBE-AZRTOS-H7RS.1.0.0
2026-06-21 12:00:02,785 [WARN] PackLoader:240 - Cannot read IP mode file for STMicroelectronics.X-CUBE-TOF1.3.4.2
2026-06-21 12:00:02,814 [WARN] PackLoader:240 - Cannot read IP mode file for STMicroelectronics.X-CUBE-TOF1.3.4.3
2026-06-21 12:00:02,836 [WARN] PackLoader:240 - Cannot read IP mode file for wolfSSL.I-CUBE-wolfSSH.1.4.17
2026-06-21 12:00:02,837 [INFO] ThirdParty:978 - Integrity check success = true
2026-06-21 12:00:02,838 [INFO] IntegrityCheckThread:100 - exiting critical section [integrity check]
2026-06-21 12:00:02,838 [INFO] IntegrityCheckThread:103 - End integrity checks thread
